[debug] [2023-07-26T11:53:10.597Z] ----------------------------------------------------------------------
[debug] [2023-07-26T11:53:10.599Z] Command:       C:\Program Files\nodejs\node.exe C:\Users\darsh\AppData\Roaming\npm\node_modules\firebase-tools\lib\bin\firebase.js init
[debug] [2023-07-26T11:53:10.600Z] CLI Version:   12.4.6
[debug] [2023-07-26T11:53:10.600Z] Platform:      win32
[debug] [2023-07-26T11:53:10.600Z] Node Version:  v18.15.0
[debug] [2023-07-26T11:53:10.601Z] Time:          Wed Jul 26 2023 17:23:10 GMT+0530 (India Standard Time)
[debug] [2023-07-26T11:53:10.601Z] ----------------------------------------------------------------------
[debug] 
[debug] [2023-07-26T11:53:10.607Z] > command requires scopes: ["email","openid","https://www.googleapis.com/auth/cloudplatformprojects.readonly","https://www.googleapis.com/auth/firebase","https://www.googleapis.com/auth/cloud-platform"]
[debug] [2023-07-26T11:53:10.608Z] > authorizing via signed-in user (darshanshete08@gmail.com)
[info] 
     ######## #### ########  ######## ########     ###     ######  ########
     ##        ##  ##     ## ##       ##     ##  ##   ##  ##       ##
     ######    ##  ########  ######   ########  #########  ######  ######
     ##        ##  ##    ##  ##       ##     ## ##     ##       ## ##
     ##       #### ##     ## ######## ########  ##     ##  ######  ########

You're about to initialize a Firebase project in this directory:

  C:\Users\darsh\Desktop\Amzon Clone-2\amazon-clone-2

[info] 
=== Project Setup
[info] 
[info] First, let's associate this project directory with a Firebase project.
[info] You can create multiple project aliases by running firebase use --add, 
[info] but for now we'll just set up a default project.
[info] 
[debug] [2023-07-26T11:57:43.613Z] >>> [apiv2][query] GET https://firebase.googleapis.com/v1beta1/projects pageSize=100
[debug] [2023-07-26T11:57:44.841Z] <<< [apiv2][status] GET https://firebase.googleapis.com/v1beta1/projects 200
[debug] [2023-07-26T11:57:44.841Z] <<< [apiv2][body] GET https://firebase.googleapis.com/v1beta1/projects [omitted]
[info] i  Using project clone-2-37e25 (amazon-clone-2) 
[info] 
=== Hosting Setup
[info] 
[info] Your public directory is the folder (relative to your project directory) that
[info] will contain Hosting assets to be uploaded with firebase deploy. If you
[info] have a build process for your assets, use your build's output directory.
[info] 
[debug] [2023-07-26T12:08:59.208Z] >>> [apiv2][query] GET https://www.gstatic.com/firebasejs/releases.json [none]
[debug] [2023-07-26T12:08:59.607Z] <<< [apiv2][status] GET https://www.gstatic.com/firebasejs/releases.json 200
[debug] [2023-07-26T12:08:59.607Z] <<< [apiv2][body] GET https://www.gstatic.com/firebasejs/releases.json {"current":{"version":"10.1.0","browserURL":"https://www.gstatic.com/firebasejs/10.1.0/firebase.js","packageURL":"https://www.gstatic.com/firebasejs/10.1.0/firebase.tgz"},"live":{"version":"10.1","browserURL":"https://www.gstatic.com/firebasejs/live/10.1/firebase.js","packageURL":"https://www.gstatic.com/firebasejs/live/10.1/firebase.tgz"},"components":{"analytics":"https://www.gstatic.com/firebasejs/10.1.0/firebase-analytics.js","app":"https://www.gstatic.com/firebasejs/10.1.0/firebase-app.js","app-check":"https://www.gstatic.com/firebasejs/10.1.0/firebase-app-check.js","auth":"https://www.gstatic.com/firebasejs/10.1.0/firebase-auth.js","auth/cordova":"https://www.gstatic.com/firebasejs/10.1.0/firebase-auth/cordova.js","functions":"https://www.gstatic.com/firebasejs/10.1.0/firebase-functions.js","firestore":"https://www.gstatic.com/firebasejs/10.1.0/firebase-firestore.js","firestore/lite":"https://www.gstatic.com/firebasejs/10.1.0/firebase-firestore/lite.js","installations":"https://www.gstatic.com/firebasejs/10.1.0/firebase-installations.js","storage":"https://www.gstatic.com/firebasejs/10.1.0/firebase-storage.js","performance":"https://www.gstatic.com/firebasejs/10.1.0/firebase-performance.js","remote-config":"https://www.gstatic.com/firebasejs/10.1.0/firebase-remote-config.js","messaging":"https://www.gstatic.com/firebasejs/10.1.0/firebase-messaging.js","messaging/sw":"https://www.gstatic.com/firebasejs/10.1.0/firebase-messaging/sw.js","database":"https://www.gstatic.com/firebasejs/10.1.0/firebase-database.js","firestore.memory":"https://www.gstatic.com/firebasejs/10.1.0/firebase-firestore.memory.js"}}
[info] +  Wrote build/index.html 
[info] 
[info] i  Detected a .git folder at C:\Users\darsh\Desktop\Amzon Clone-2\amazon-clone-2 
[info] i  Authorizing with GitHub to upload your service account to a GitHub repository's secrets store. 
[info] 
[info] Visit this URL on this device to log in:
[info] https://github.com/login/oauth/authorize?client_id=89cf50f02ac6aaed3484&state=189245608&redirect_uri=http%3A%2F%2Flocalhost%3A9005&scope=read%3Auser%20repo%20public_repo
[info] 
[info] Waiting for authentication...
[debug] [2023-07-26T12:13:13.391Z] >>> [apiv2][query] POST https://github.com/login/oauth/access_token [none]
[debug] [2023-07-26T12:13:13.392Z] >>> [apiv2][body] POST https://github.com/login/oauth/access_token [stream]
[debug] [2023-07-26T12:13:13.949Z] <<< [apiv2][status] POST https://github.com/login/oauth/access_token 200
[debug] [2023-07-26T12:13:13.949Z] <<< [apiv2][body] POST https://github.com/login/oauth/access_token {"access_token":"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","token_type":"bearer","scope":"read:user,repo"}
[debug] [2023-07-26T12:13:13.965Z] >>> [apiv2][query] GET https://api.github.com/user [none]
[debug] [2023-07-26T12:13:14.618Z] <<< [apiv2][status] GET https://api.github.com/user 200
[debug] [2023-07-26T12:13:14.618Z] <<< [apiv2][body] GET https://api.github.com/user {"login":"darshanshete","id":140614817,"node_id":"U_kgDOCGGcoQ","avatar_url":"https://avatars.githubusercontent.com/u/140614817?v=4","gravatar_id":"","url":"https://api.github.com/users/darshanshete","html_url":"https://github.com/darshanshete","followers_url":"https://api.github.com/users/darshanshete/followers","following_url":"https://api.github.com/users/darshanshete/following{/other_user}","gists_url":"https://api.github.com/users/darshanshete/gists{/gist_id}","starred_url":"https://api.github.com/users/darshanshete/starred{/owner}{/repo}","subscriptions_url":"https://api.github.com/users/darshanshete/subscriptions","organizations_url":"https://api.github.com/users/darshanshete/orgs","repos_url":"https://api.github.com/users/darshanshete/repos","events_url":"https://api.github.com/users/darshanshete/events{/privacy}","received_events_url":"https://api.github.com/users/darshanshete/received_events","type":"User","site_admin":false,"name":null,"company":null,"blog":"","location":null,"email":null,"hireable":null,"bio":null,"twitter_username":null,"public_repos":0,"public_gists":0,"followers":0,"following":0,"created_at":"2023-07-26T12:02:56Z","updated_at":"2023-07-26T12:02:56Z","private_gists":0,"total_private_repos":0,"owned_private_repos":0,"disk_usage":0,"collaborators":0,"two_factor_authentication":false,"plan":{"name":"free","space":976562499,"collaborators":0,"private_repos":10000}}
[info] 
[info] +  Success! Logged into GitHub as darshanshete 
[info] 
[debug] [2023-07-26T12:17:57.321Z] >>> [apiv2][query] GET https://api.github.com/repos/amazone-clone2/actions/secrets/public-key type=owner
[debug] [2023-07-26T12:17:57.892Z] <<< [apiv2][status] GET https://api.github.com/repos/amazone-clone2/actions/secrets/public-key 404
[debug] [2023-07-26T12:17:57.893Z] <<< [apiv2][body] GET https://api.github.com/repos/amazone-clone2/actions/secrets/public-key {"message":"Not Found","documentation_url":"https://docs.github.com/rest"}
[info] 
[info] 
[error] !  The provided authorization cannot be used with this repository. If this repository is in an organization, did you remember to grant access? 
[info] 
[info] i  Action required: Visit this URL to ensure access has been granted to the appropriate organization(s) for the Firebase CLI GitHub OAuth App: 
[info] https://github.com/settings/connections/applications/89cf50f02ac6aaed3484
[info] 
[debug] [2023-07-26T12:25:44.415Z] >>> [apiv2][query] GET https://api.github.com/repos/amazone-clone2/actions/secrets/public-key type=owner
[debug] [2023-07-26T12:25:45.208Z] <<< [apiv2][status] GET https://api.github.com/repos/amazone-clone2/actions/secrets/public-key 404
[debug] [2023-07-26T12:25:45.209Z] <<< [apiv2][body] GET https://api.github.com/repos/amazone-clone2/actions/secrets/public-key {"message":"Not Found","documentation_url":"https://docs.github.com/rest"}
[info] 
[info] 
[error] !  The provided authorization cannot be used with this repository. If this repository is in an organization, did you remember to grant access? 
[info] 
[info] i  Action required: Visit this URL to ensure access has been granted to the appropriate organization(s) for the Firebase CLI GitHub OAuth App: 
[info] https://github.com/settings/connections/applications/89cf50f02ac6aaed3484
[info] 
[debug] [2023-07-26T12:46:24.885Z] >>> [apiv2][query] GET https://api.github.com/repos/amazone-clone2/actions/secrets/public-key type=owner
[debug] [2023-07-26T12:46:25.480Z] <<< [apiv2][status] GET https://api.github.com/repos/amazone-clone2/actions/secrets/public-key 404
[debug] [2023-07-26T12:46:25.480Z] <<< [apiv2][body] GET https://api.github.com/repos/amazone-clone2/actions/secrets/public-key {"message":"Not Found","documentation_url":"https://docs.github.com/rest"}
[info] 
[info] 
[error] !  The provided authorization cannot be used with this repository. If this repository is in an organization, did you remember to grant access? 
[info] 
[info] i  Action required: Visit this URL to ensure access has been granted to the appropriate organization(s) for the Firebase CLI GitHub OAuth App: 
[info] https://github.com/settings/connections/applications/89cf50f02ac6aaed3484
[info] 
[debug] [2023-07-26T12:48:47.995Z] >>> [apiv2][query] GET https://api.github.com/repos/amazone-clone2         npn run build/actions/secrets/public-key type=owner
[debug] [2023-07-26T12:48:48.744Z] <<< [apiv2][status] GET https://api.github.com/repos/amazone-clone2         npn run build/actions/secrets/public-key 404
[debug] [2023-07-26T12:48:48.744Z] <<< [apiv2][body] GET https://api.github.com/repos/amazone-clone2         npn run build/actions/secrets/public-key {"message":"Not Found","documentation_url":"https://docs.github.com/rest"}
[info] 
[info] 
[error] !  The provided authorization cannot be used with this repository. If this repository is in an organization, did you remember to grant access? 
[info] 
[info] i  Action required: Visit this URL to ensure access has been granted to the appropriate organization(s) for the Firebase CLI GitHub OAuth App: 
[info] https://github.com/settings/connections/applications/89cf50f02ac6aaed3484
[info] 
[debug] [2023-07-27T09:42:19.760Z] ----------------------------------------------------------------------
[debug] [2023-07-27T09:42:19.761Z] Command:       C:\Program Files\nodejs\node.exe C:\Users\darsh\AppData\Roaming\npm\node_modules\firebase-tools\lib\bin\firebase.js logout
[debug] [2023-07-27T09:42:19.762Z] CLI Version:   12.4.6
[debug] [2023-07-27T09:42:19.762Z] Platform:      win32
[debug] [2023-07-27T09:42:19.762Z] Node Version:  v18.15.0
[debug] [2023-07-27T09:42:19.763Z] Time:          Thu Jul 27 2023 15:12:19 GMT+0530 (India Standard Time)
[debug] [2023-07-27T09:42:19.763Z] ----------------------------------------------------------------------
[debug] 
[debug] [2023-07-27T09:42:19.796Z] >>> [apiv2][query] GET https://accounts.google.com/o/oauth2/revoke token=1%2F%2F0gdyd6Ec4BLwkCgYIARAAGBASNwF-L9IrW3wASl_JHXW4sNxfp_yvJt4_wNGuQ42fCZXGPn2lLtX9gJ9nnDF-Qri_OTvHUbt4cZ8
[debug] [2023-07-27T09:42:20.308Z] <<< [apiv2][status] GET https://accounts.google.com/o/oauth2/revoke 200
